<?xml version="1.0" encoding="UTF-8"?>
<!-- Generated by org.testng.reporters.JUnitReportReporter -->
<testsuite hostname="DESKTOP-5C9P0G5" failures="0" tests="2" name="Academy.E2Eprojct.HomePage" time="100.137" errors="0" timestamp="2022-02-04T10:40:10 IST" skipped="0">
  <testcase classname="Academy.E2Eprojct.HomePage" name="basePageNav" time="48.748"/>
  <system-out/>
  <testcase classname="Academy.E2Eprojct.HomePage" name="basePageNav" time="51.389"/>
  <system-out/>
</testsuite> <!-- Academy.E2Eprojct.HomePage -->
