<?xml version="1.0" encoding="UTF-8"?>
<!-- Generated by org.testng.reporters.JUnitReportReporter -->
<testsuite hostname="DESKTOP-5C9P0G5" failures="0" tests="1" name="CucumOptions.TestRunner" time="83.226" errors="0" timestamp="2022-02-14T20:17:16 IST" skipped="0">
  <testcase classname="CucumOptions.TestRunner" name="runScenario" time="83.226"/>
  <system-out/>
</testsuite> <!-- CucumOptions.TestRunner -->
