<?xml version="1.0" encoding="UTF-8"?>
<!-- Generated by org.testng.reporters.JUnitReportReporter -->
<testsuite hostname="DESKTOP-5C9P0G5" failures="0" tests="1" name="Academy.E2Eprojct.ValidateNavBar" time="36.631" errors="0" timestamp="2022-02-03T22:40:23 IST" skipped="0">
  <testcase classname="Academy.E2Eprojct.ValidateNavBar" name="basePageNav" time="36.631"/>
  <system-out/>
</testsuite> <!-- Academy.E2Eprojct.ValidateNavBar -->
